Arguments: 
  /usr/local/bin/node /usr/local/Cellar/yarn/1.22.18/libexec/bin/yarn.js

PATH: 
  /usr/local/bin:/usr/bin:/bin:/usr/sbin:/sbin:/Applications/VMware Fusion.app/Contents/Public:/usr/local/MacGPG2/bin:/usr/local/share/dotnet:~/.dotnet/tools:/Library/Frameworks/Mono.framework/Versions/Current/Commands

Yarn version: 
  1.22.18

Node version: 
  16.15.0

Platform: 
  darwin x64

Trace: 
  SyntaxError: /Users/decagon/Desktop/Aqua_ReactNative/package.json: Unexpected token < in JSON at position 712
      at JSON.parse (<anonymous>)
      at /usr/local/Cellar/yarn/1.22.18/libexec/lib/cli.js:1625:59
      at Generator.next (<anonymous>)
      at step (/usr/local/Cellar/yarn/1.22.18/libexec/lib/cli.js:310:30)
      at /usr/local/Cellar/yarn/1.22.18/libexec/lib/cli.js:321:13

npm manifest: 
  {
    "main": "node_modules/expo/AppEntry.js",
    "scripts": {
      "start": "expo start",
      "android": "expo start --android",
      "ios": "expo start --ios",
      "web": "expo start --web",
      "eject": "expo eject"
    },
    "dependencies": {
      "@expo-google-fonts/inter": "^0.2.2",
      "@expo-google-fonts/manrope": "^0.2.2",
      "@react-native-community/art": "^1.2.0",
      "@react-native-masked-view/masked-view": "0.2.6",
      "@react-navigation/bottom-tabs": "^6.3.1",
      "@react-navigation/material-bottom-tabs": "^6.2.1",
      "@react-navigation/material-top-tabs": "^6.2.1",
      "@react-navigation/native": "^6.0.10",
      "@react-navigation/native-stack": "^6.6.2",
      "@react-navigation/stack": "^6.2.1",
  <<<<<<< HEAD
      "expo": "~44.0.0",
      "expo-app-loading": "~1.3.0",
      "expo-font": "~10.0.4",
      "expo-status-bar": "~1.2.0",
      "react": "17.0.1",
      "react-dom": "17.0.1",
      "react-hook-form": "^7.31.1",
      "react-native": "0.64.3",
      "react-native-chart-kit": "^6.12.0",
      "react-native-pager-view": "^5.4.15",
      "react-native-safe-area-context": "^4.2.5",
      "react-native-screens": "^3.13.1",
      "react-native-svg": "^12.3.0",
  =======
      "expo": "~45.0.2",
      "expo-app-loading": "~2.0.0",
      "expo-font": "~10.1.0",
      "expo-splash-screen": "~0.15.1",
      "expo-status-bar": "~1.3.0",
      "react": "17.0.2",
      "react-dom": "17.0.2",
      "react-native": "0.68.2",
      "react-native-actions-sheet": "^0.6.1",
      "react-native-pager-view": "5.4.15",
      "react-native-safe-area-context": "4.2.4",
  >>>>>>> 3dac37e63c512a3e34274bf67cb438638b2f78c2
      "react-native-tab-view": "^3.1.1",
      "react-native-web": "0.17.7"
    },
    "devDependencies": {
      "@babel/core": "^7.17.10"
    },
    "private": true
  }

yarn manifest: 
  No manifest

Lockfile: 
  No lockfile
